0 info it worked if it ends with ok
1 verbose cli [ 'C:\\Program Files\\nodejs\\node.exe',
1 verbose cli   'C:\\Program Files\\nodejs\\node_modules\\npm\\bin\\npm-cli.js',
1 verbose cli   'test' ]
2 info using npm@3.10.10
3 info using node@v6.9.5
4 verbose run-script [ 'pretest', 'test', 'posttest' ]
5 info lifecycle cms_project_25@1.0.0~pretest: cms_project_25@1.0.0
6 silly lifecycle cms_project_25@1.0.0~pretest: no script for pretest, continuing
7 info lifecycle cms_project_25@1.0.0~test: cms_project_25@1.0.0
8 verbose lifecycle cms_project_25@1.0.0~test: unsafe-perm in lifecycle true
9 verbose lifecycle cms_project_25@1.0.0~test: PATH: C:\Program Files\nodejs\node_modules\npm\bin\node-gyp-bin;D:\567\node_modules\.bin;C:\windows\system32;C:\windows;C:\windows\System32\Wbem;C:\windows\System32\WindowsPowerShell\v1.0\;C:\Program Files\nodejs\;C:\Program Files\Git\cmd;C:\Program Files\TortoiseSVN\bin;C:\Program Files\SlikSvn\bin;C:\windows\system32;C:\windows;C:\windows\System32\Wbem;C:\windows\System32\WindowsPowerShell\v1.0\;C:\Program Files\TortoiseSVN\bin;D:\java1.7\bin;D:\java1.7\jre\bin;C:\Users\Administrator\AppData\Roaming\npm
10 verbose lifecycle cms_project_25@1.0.0~test: CWD: D:\567
11 silly lifecycle cms_project_25@1.0.0~test: Args: [ '/d /s /c', 'webpack-dev-server --inline --hot --open' ]
12 silly lifecycle cms_project_25@1.0.0~test: Returned: code: 3221225786  signal: null
13 info lifecycle cms_project_25@1.0.0~test: Failed to exec test script
14 error Test failed.  See above for more details.
15 verbose exit [ 1, true ]
16 verbose stack Error: kill ENOSYS
16 verbose stack     at exports._errnoException (util.js:1022:11)
16 verbose stack     at process.kill (internal/process.js:172:13)
16 verbose stack     at process.listener (C:\Program Files\nodejs\node_modules\npm\node_modules\npmlog\node_modules\gauge\node_modules\signal-exit\index.js:86:15)
16 verbose stack     at emitNone (events.js:91:20)
16 verbose stack     at process.emit (events.js:185:7)
16 verbose stack     at processEmit (C:\Program Files\nodejs\node_modules\npm\node_modules\npmlog\node_modules\gauge\node_modules\signal-exit\index.js:146:32)
16 verbose stack     at processEmit (C:\Program Files\nodejs\node_modules\npm\node_modules\npm-registry-client\node_modules\npmlog\node_modules\gauge\node_modules\signal-exit\index.js:146:32)
16 verbose stack     at Signal.wrap.onsignal (internal/process.js:199:44)
17 verbose cwd D:\567
18 error Windows_NT 6.1.7601
19 error argv "C:\\Program Files\\nodejs\\node.exe" "C:\\Program Files\\nodejs\\node_modules\\npm\\bin\\npm-cli.js" "test"
20 error node v6.9.5
21 error npm  v3.10.10
22 error code ENOSYS
23 error errno ENOSYS
24 error syscall kill
25 error kill ENOSYS
26 error If you need help, you may report this error at:
26 error     <https://github.com/npm/npm/issues>
27 verbose exit [ 1, true ]
